d:\saxion\year 2\term 2\3d rendering\mge_v19_student_version\_visual_studio\debug_static_build\vc142.pdb
d:\saxion\year 2\term 2\3d rendering\mge_v19_student_version\_visual_studio\debug_static_build\vc142.idb
d:\saxion\year 2\term 2\3d rendering\mge_v19_student_version\_visual_studio\debug_static_build\debughud.obj
d:\saxion\year 2\term 2\3d rendering\mge_v19_student_version\_visual_studio\debug_static_build\mgedemo.obj
d:\saxion\year 2\term 2\3d rendering\mge_v19_student_version\_visual_studio\debug_static_build\texturematerial.obj
d:\saxion\year 2\term 2\3d rendering\mge_v19_student_version\_visual_studio\debug_static_build\colormaterial.obj
d:\saxion\year 2\term 2\3d rendering\mge_v19_student_version\_visual_studio\debug_static_build\abstractmaterial.obj
d:\saxion\year 2\term 2\3d rendering\mge_v19_student_version\_visual_studio\debug_static_build\world.obj
d:\saxion\year 2\term 2\3d rendering\mge_v19_student_version\_visual_studio\debug_static_build\texture.obj
d:\saxion\year 2\term 2\3d rendering\mge_v19_student_version\_visual_studio\debug_static_build\shaderprogram.obj
d:\saxion\year 2\term 2\3d rendering\mge_v19_student_version\_visual_studio\debug_static_build\renderer.obj
d:\saxion\year 2\term 2\3d rendering\mge_v19_student_version\_visual_studio\debug_static_build\mesh.obj
d:\saxion\year 2\term 2\3d rendering\mge_v19_student_version\_visual_studio\debug_static_build\light.obj
d:\saxion\year 2\term 2\3d rendering\mge_v19_student_version\_visual_studio\debug_static_build\gameobject.obj
d:\saxion\year 2\term 2\3d rendering\mge_v19_student_version\_visual_studio\debug_static_build\camera.obj
d:\saxion\year 2\term 2\3d rendering\mge_v19_student_version\_visual_studio\debug_static_build\abstractgame.obj
d:\saxion\year 2\term 2\3d rendering\mge_v19_student_version\_visual_studio\debug_static_build\rotatingbehaviour.obj
d:\saxion\year 2\term 2\3d rendering\mge_v19_student_version\_visual_studio\debug_static_build\keysbehaviour.obj
d:\saxion\year 2\term 2\3d rendering\mge_v19_student_version\_visual_studio\debug_static_build\abstractbehaviour.obj
d:\saxion\year 2\term 2\3d rendering\mge_v19_student_version\_visual_studio\debug_static_build\main.obj
d:\saxion\year 2\term 2\3d rendering\mge_v19_student_version\_visual_studio\debug_static_build\mousebehaviour.obj
d:\saxion\year 2\term 2\3d rendering\mge_v19_student_version\_visual_studio\debug_static_build\camerabehaviour.obj
d:\saxion\year 2\term 2\3d rendering\mge_v19_student_version\_visual_studio\debug_static_exe\mge.exe
d:\saxion\year 2\term 2\3d rendering\mge_v19_student_version\_visual_studio\debug_static_exe\mge.ilk
d:\saxion\year 2\term 2\3d rendering\mge_v19_student_version\_visual_studio\debug_static_exe\mge.pdb
d:\saxion\year 2\term 2\3d rendering\mge_v19_student_version\_visual_studio\debug_static_build/vcpkg.applocal.log
d:\saxion\year 2\term 2\3d rendering\mge_v19_student_version\_visual_studio\debug_static_exe/mge.exe
d:\saxion\year 2\term 2\3d rendering\mge_v19_student_version\_visual_studio\debug_static_build\mge.tlog\cl.command.1.tlog
d:\saxion\year 2\term 2\3d rendering\mge_v19_student_version\_visual_studio\debug_static_build\mge.tlog\cl.read.1.tlog
d:\saxion\year 2\term 2\3d rendering\mge_v19_student_version\_visual_studio\debug_static_build\mge.tlog\cl.write.1.tlog
d:\saxion\year 2\term 2\3d rendering\mge_v19_student_version\_visual_studio\debug_static_build\mge.tlog\link.command.1.tlog
d:\saxion\year 2\term 2\3d rendering\mge_v19_student_version\_visual_studio\debug_static_build\mge.tlog\link.read.1.tlog
d:\saxion\year 2\term 2\3d rendering\mge_v19_student_version\_visual_studio\debug_static_build\mge.tlog\link.write.1.tlog
d:\saxion\year 2\term 2\3d rendering\mge_v19_student_version\_visual_studio\debug_static_build\mge.tlog\mge.write.1u.tlog
